2025-08-13 10:57:57,606 - INFO - Logging initialized. Log file: logs\pipeline_20250813_105757.log
2025-08-13 10:57:57,606 - INFO - ==================================================
2025-08-13 10:57:57,606 - INFO - Starting Veracore Data Pipeline
2025-08-13 10:57:57,606 - INFO - Execution time: 2025-08-13 10:57:57
2025-08-13 10:57:57,606 - INFO - ==================================================
2025-08-13 10:57:57,607 - INFO - All required environment variables are set.
2025-08-13 10:57:57,607 - INFO - Attempting to get authorization token from VeraCore API
2025-08-13 10:57:57,607 - INFO - USERNAME: SET
2025-08-13 10:57:57,607 - INFO - PASSWORD: SET
2025-08-13 10:57:57,607 - INFO - SYSTEM_ID: SET
2025-08-13 10:57:57,607 - INFO - W_TOKEN: SET
2025-08-13 10:57:57,608 - INFO - USERNAME value: jannatipour.leena
2025-08-13 10:57:57,608 - INFO - SYSTEM_ID value: 3plwhs
2025-08-13 10:57:57,608 - INFO - Attempting direct token authentication...
2025-08-13 10:57:57,608 - INFO - Testing direct token against: https://wms.3plwinner.com/VeraCore/Public.Api/api/reports
2025-08-13 10:57:58,351 - INFO - Direct token test - Status Code: 200
2025-08-13 10:57:58,351 - INFO - Direct token test - Response Headers: {'Date': 'Wed, 13 Aug 2025 17:57:58 GMT', 'Content-Type': 'application/json; charset=utf-8', 'Transfer-Encoding': 'chunked', 'Connection': 'keep-alive', 'Content-Encoding': 'gzip', 'cache-control': 'no-cache', 'pragma': 'no-cache', 'expires': '-1', 'x-aspnet-version': '4.0.30319', 'x-powered-by': 'ASP.NET', 'x-xss-protection': '1; mode=block', 'set-cookie': 'SRV=s2; path=/', 'cf-cache-status': 'DYNAMIC', 'Server': 'cloudflare', 'CF-RAY': '96ea190e3d36cec9-SJC'}
2025-08-13 10:57:58,378 - INFO - Fetching data from API endpoint: https://wms.3plwinner.com/VeraCore/Public.Api/api/reports
2025-08-13 10:57:59,878 - INFO - Skipping SharePoint upload for available_reports_endpoint.csv
2025-08-13 10:57:59,879 - INFO - Deleted local file: C:\Users\jannatipour.leena\Downloads\InventoryHealthDashboard_DATA-3\output_20250813_105757\available_reports_endpoint.csv
2025-08-13 10:57:59,879 - INFO - Processing report 1/6: unit-details
2025-08-13 10:57:59,880 - INFO - Processing report: unit-details
2025-08-13 10:58:07,481 - INFO - Task started. Task ID: 57172
2025-08-13 10:58:07,748 - INFO - Report status: Created (attempt 1)
2025-08-13 10:58:24,080 - INFO - Report status: Processing (attempt 6)
2025-08-13 10:58:30,927 - INFO - Report Completed
2025-08-13 10:58:35,350 - INFO - Report data saved to unit_details_with_current_balance.csv
2025-08-13 10:58:37,584 - INFO - No CSV files to archive in folder: /Shared%20Documents/InventoryHealthDashboard
2025-08-13 10:58:39,400 - INFO - Successfully uploaded: unit_details_with_current_balance_20250813_105835.csv
2025-08-13 10:58:39,401 - INFO - SharePoint URL: https://3plwinner.sharepoint.com/Shared%20Documents/InventoryHealthDashboard/unit_details_with_current_balance_20250813_105835.csv
2025-08-13 10:58:39,401 - INFO - Successfully uploaded unit_details_with_current_balance.csv to SharePoint
2025-08-13 10:58:39,425 - INFO - Processing report 2/6: expected
2025-08-13 10:58:39,425 - INFO - Processing report: expected
2025-08-13 10:58:43,455 - INFO - Task started. Task ID: 57173
2025-08-13 10:58:43,634 - INFO - Report status: Created (attempt 1)
2025-08-13 10:58:50,153 - INFO - Report Completed
2025-08-13 10:58:50,805 - INFO - Report data saved to expected_arrivals.csv
2025-08-13 10:58:52,720 - INFO - No CSV files to archive in folder: /Shared%20Documents/InventoryHealthDashboard
2025-08-13 10:58:53,183 - INFO - Successfully uploaded: expected_arrivals_20250813_105850.csv
2025-08-13 10:58:53,183 - INFO - SharePoint URL: https://3plwinner.sharepoint.com/Shared%20Documents/InventoryHealthDashboard/expected_arrivals_20250813_105850.csv
2025-08-13 10:58:53,184 - INFO - Successfully uploaded expected_arrivals.csv to SharePoint
2025-08-13 10:58:53,184 - INFO - Processing report 3/6: Unit Billing
2025-08-13 10:58:53,184 - INFO - Processing report: Unit Billing
2025-08-13 10:58:53,846 - INFO - Task started. Task ID: 57174
2025-08-13 10:58:54,114 - INFO - Report status: Created (attempt 1)
2025-08-13 10:59:07,292 - INFO - Report Completed
2025-08-13 10:59:07,497 - INFO - Report data saved to unit_billing.csv
2025-08-13 10:59:09,239 - INFO - No CSV files to archive in folder: /Shared%20Documents/InventoryHealthDashboard
2025-08-13 10:59:09,736 - INFO - Successfully uploaded: unit_billing_20250813_105907.csv
2025-08-13 10:59:09,737 - INFO - SharePoint URL: https://3plwinner.sharepoint.com/Shared%20Documents/InventoryHealthDashboard/unit_billing_20250813_105907.csv
2025-08-13 10:59:09,737 - INFO - Successfully uploaded unit_billing.csv to SharePoint
2025-08-13 10:59:09,738 - INFO - Processing report 4/6: WarehouseLocations
2025-08-13 10:59:09,738 - INFO - Processing report: WarehouseLocations
2025-08-13 10:59:10,161 - INFO - Task started. Task ID: 57175
2025-08-13 10:59:10,448 - INFO - Report status: Created (attempt 1)
2025-08-13 10:59:20,364 - INFO - Report Completed
2025-08-13 10:59:21,605 - INFO - Report data saved to warehouse_locations.csv
2025-08-13 10:59:23,492 - INFO - No CSV files to archive in folder: /Shared%20Documents/InventoryHealthDashboard
2025-08-13 10:59:25,036 - INFO - Successfully uploaded: warehouse_locations_20250813_105921.csv
2025-08-13 10:59:25,037 - INFO - SharePoint URL: https://3plwinner.sharepoint.com/Shared%20Documents/InventoryHealthDashboard/warehouse_locations_20250813_105921.csv
2025-08-13 10:59:25,037 - INFO - Successfully uploaded warehouse_locations.csv to SharePoint
2025-08-13 10:59:25,040 - INFO - Processing report 5/6: Shipping Report
2025-08-13 10:59:25,040 - INFO - Processing report: Shipping Report
2025-08-13 10:59:25,558 - INFO - Task started. Task ID: 57176
2025-08-13 10:59:25,955 - INFO - Report status: Created (attempt 1)
2025-08-13 10:59:42,356 - INFO - Report Completed
2025-08-13 10:59:43,438 - INFO - Report data saved to shipping_report.csv
2025-08-13 10:59:45,943 - INFO - No CSV files to archive in folder: /Shared%20Documents/InventoryHealthDashboard
2025-08-13 10:59:46,833 - INFO - Successfully uploaded: shipping_report_20250813_105943.csv
2025-08-13 10:59:46,833 - INFO - SharePoint URL: https://3plwinner.sharepoint.com/Shared%20Documents/InventoryHealthDashboard/shipping_report_20250813_105943.csv
2025-08-13 10:59:46,834 - INFO - Successfully uploaded shipping_report.csv to SharePoint
2025-08-13 10:59:46,839 - INFO - Processing report 6/6: Pull Manifest report
2025-08-13 10:59:46,839 - INFO - Processing report: Pull Manifest report
2025-08-13 10:59:47,250 - INFO - Task started. Task ID: 57177
2025-08-13 10:59:47,466 - INFO - Report status: Created (attempt 1)
2025-08-13 10:59:56,197 - INFO - Report Completed
2025-08-13 10:59:58,197 - INFO - Report data saved to pull_manifest_report.csv
2025-08-13 11:00:00,371 - INFO - No CSV files to archive in folder: /Shared%20Documents/InventoryHealthDashboard
2025-08-13 11:00:01,665 - INFO - Successfully uploaded: pull_manifest_report_20250813_105958.csv
2025-08-13 11:00:01,665 - INFO - SharePoint URL: https://3plwinner.sharepoint.com/Shared%20Documents/InventoryHealthDashboard/pull_manifest_report_20250813_105958.csv
2025-08-13 11:00:01,666 - INFO - Successfully uploaded pull_manifest_report.csv to SharePoint
2025-08-13 11:00:01,670 - INFO - ==================================================
2025-08-13 11:00:01,671 - INFO - Pipeline Summary:
2025-08-13 11:00:01,671 - INFO - Successful reports: 6 / 6
2025-08-13 11:00:01,671 - INFO - Completed at: 2025-08-13 11:00:01
2025-08-13 11:00:01,671 - INFO - ==================================================
2025-08-13 11:00:01,671 - INFO - Pipeline Completed Successfully
