2025-08-12 11:53:42,522 - INFO - Logging initialized. Log file: logs\pipeline_20250812_115342.log
2025-08-12 11:53:42,523 - INFO - ==================================================
2025-08-12 11:53:42,523 - INFO - Starting Veracore Data Pipeline
2025-08-12 11:53:42,523 - INFO - Execution time: 2025-08-12 11:53:42
2025-08-12 11:53:42,523 - INFO - ==================================================
2025-08-12 11:53:42,523 - INFO - All required environment variables are set.
2025-08-12 11:53:42,524 - INFO - Attempting to get authorization token from VeraCore API
2025-08-12 11:53:42,524 - INFO - USERNAME: SET
2025-08-12 11:53:42,524 - INFO - PASSWORD: SET
2025-08-12 11:53:42,524 - INFO - SYSTEM_ID: SET
2025-08-12 11:53:42,524 - INFO - W_TOKEN: SET
2025-08-12 11:53:42,524 - INFO - USERNAME value: jannatipour.leena
2025-08-12 11:53:42,524 - INFO - SYSTEM_ID value: 3plwhs
2025-08-12 11:53:42,525 - INFO - Attempting direct token authentication...
2025-08-12 11:53:42,525 - INFO - Testing direct token against: https://wms.3plwinner.com/VeraCore/Public.Api/api/reports
2025-08-12 11:53:42,935 - INFO - Direct token test - Status Code: 200
2025-08-12 11:53:42,936 - INFO - Direct token test - Response Headers: {'Date': 'Tue, 12 Aug 2025 18:53:43 GMT', 'Content-Type': 'application/json; charset=utf-8', 'Transfer-Encoding': 'chunked', 'Connection': 'keep-alive', 'Content-Encoding': 'gzip', 'cache-control': 'no-cache', 'pragma': 'no-cache', 'expires': '-1', 'x-aspnet-version': '4.0.30319', 'x-powered-by': 'ASP.NET', 'x-xss-protection': '1; mode=block', 'set-cookie': 'SRV=s2; path=/', 'cf-cache-status': 'DYNAMIC', 'Server': 'cloudflare', 'CF-RAY': '96e22d580b4afa52-SJC'}
2025-08-12 11:53:42,945 - INFO - Fetching data from API endpoint: https://wms.3plwinner.com/VeraCore/Public.Api/api/reports
2025-08-12 11:53:43,332 - INFO - Skipping SharePoint upload for available_reports_endpoint.csv
2025-08-12 11:53:43,333 - INFO - Deleted local file: C:\Users\jannatipour.leena\Downloads\InventoryHealthDashboard_DATA-3\output_20250812_115342\available_reports_endpoint.csv
2025-08-12 11:53:43,334 - INFO - Processing report 1/6: Unit Details (by owner) with Current Balance
2025-08-12 11:53:43,334 - INFO - Processing report: Unit Details (by owner) with Current Balance
2025-08-12 11:53:43,723 - INFO - Task started. Task ID: 57156
2025-08-12 11:53:43,988 - INFO - Report status: Created (attempt 1)
2025-08-12 11:53:50,685 - INFO - Report Completed
2025-08-12 11:53:51,420 - INFO - Report data saved to unit_details_with_current_balance.csv
2025-08-12 11:53:53,167 - INFO - No CSV files to archive in folder: /Shared%20Documents/InventoryHealthDashboard
2025-08-12 11:53:53,927 - INFO - Successfully uploaded: unit_details_with_current_balance_20250812_115351.csv
2025-08-12 11:53:53,927 - INFO - SharePoint URL: https://3plwinner.sharepoint.com/Shared%20Documents/InventoryHealthDashboard/unit_details_with_current_balance_20250812_115351.csv
2025-08-12 11:53:53,927 - INFO - Successfully uploaded unit_details_with_current_balance.csv to SharePoint
2025-08-12 11:53:53,929 - INFO - Processing report 2/6: expected arrivals
2025-08-12 11:53:53,930 - INFO - Processing report: expected arrivals
2025-08-12 11:53:54,387 - INFO - Task started. Task ID: 57157
2025-08-12 11:53:54,634 - INFO - Report status: Created (attempt 1)
2025-08-12 11:53:57,890 - INFO - Report Completed
2025-08-12 11:53:58,220 - INFO - Report data saved to expected_arrivals.csv
2025-08-12 11:54:00,084 - INFO - No CSV files to archive in folder: /Shared%20Documents/InventoryHealthDashboard
2025-08-12 11:54:00,743 - INFO - Successfully uploaded: expected_arrivals_20250812_115358.csv
2025-08-12 11:54:00,743 - INFO - SharePoint URL: https://3plwinner.sharepoint.com/Shared%20Documents/InventoryHealthDashboard/expected_arrivals_20250812_115358.csv
2025-08-12 11:54:00,743 - INFO - Successfully uploaded expected_arrivals.csv to SharePoint
2025-08-12 11:54:00,744 - INFO - Processing report 3/6: Unit Billing
2025-08-12 11:54:00,744 - INFO - Processing report: Unit Billing
2025-08-12 11:54:01,652 - INFO - Task started. Task ID: 57158
2025-08-12 11:54:01,965 - INFO - Report status: Created (attempt 1)
2025-08-12 11:54:05,153 - INFO - Report Completed
2025-08-12 11:54:05,458 - INFO - Report data saved to unit_billing.csv
2025-08-12 11:54:07,225 - INFO - No CSV files to archive in folder: /Shared%20Documents/InventoryHealthDashboard
2025-08-12 11:54:07,818 - INFO - Successfully uploaded: unit_billing_20250812_115405.csv
2025-08-12 11:54:07,819 - INFO - SharePoint URL: https://3plwinner.sharepoint.com/Shared%20Documents/InventoryHealthDashboard/unit_billing_20250812_115405.csv
2025-08-12 11:54:07,819 - INFO - Successfully uploaded unit_billing.csv to SharePoint
2025-08-12 11:54:07,820 - INFO - Processing report 4/6: WarehouseLocations
2025-08-12 11:54:07,820 - INFO - Processing report: WarehouseLocations
2025-08-12 11:54:08,405 - INFO - Task started. Task ID: 57159
2025-08-12 11:54:08,689 - INFO - Report status: Processing (attempt 1)
2025-08-12 11:54:12,008 - INFO - Report Completed
2025-08-12 11:54:13,063 - INFO - Report data saved to warehouse_locations.csv
2025-08-12 11:54:14,784 - INFO - No CSV files to archive in folder: /Shared%20Documents/InventoryHealthDashboard
2025-08-12 11:54:15,458 - INFO - Successfully uploaded: warehouse_locations_20250812_115413.csv
2025-08-12 11:54:15,458 - INFO - SharePoint URL: https://3plwinner.sharepoint.com/Shared%20Documents/InventoryHealthDashboard/warehouse_locations_20250812_115413.csv
2025-08-12 11:54:15,458 - INFO - Successfully uploaded warehouse_locations.csv to SharePoint
2025-08-12 11:54:15,464 - INFO - Processing report 5/6: Shipping Report
2025-08-12 11:54:15,464 - INFO - Processing report: Shipping Report
2025-08-12 11:54:15,931 - INFO - Task started. Task ID: 57160
2025-08-12 11:54:16,116 - INFO - Report status: Created (attempt 1)
2025-08-12 11:54:25,762 - INFO - Report Completed
2025-08-12 11:54:26,883 - INFO - Report data saved to shipping_report.csv
2025-08-12 11:54:28,403 - INFO - No CSV files to archive in folder: /Shared%20Documents/InventoryHealthDashboard
2025-08-12 11:54:29,462 - INFO - Successfully uploaded: shipping_report_20250812_115426.csv
2025-08-12 11:54:29,462 - INFO - SharePoint URL: https://3plwinner.sharepoint.com/Shared%20Documents/InventoryHealthDashboard/shipping_report_20250812_115426.csv
2025-08-12 11:54:29,462 - INFO - Successfully uploaded shipping_report.csv to SharePoint
2025-08-12 11:54:29,465 - INFO - Processing report 6/6: Pull Manifest report
2025-08-12 11:54:29,466 - INFO - Processing report: Pull Manifest report
2025-08-12 11:54:29,900 - INFO - Task started. Task ID: 57161
2025-08-12 11:54:30,073 - INFO - Report status: Created (attempt 1)
2025-08-12 11:54:36,775 - INFO - Report Completed
2025-08-12 11:54:38,427 - INFO - Report data saved to pull_manifest_report.csv
2025-08-12 11:54:40,649 - INFO - No CSV files to archive in folder: /Shared%20Documents/InventoryHealthDashboard
2025-08-12 11:54:42,231 - INFO - Successfully uploaded: pull_manifest_report_20250812_115438.csv
2025-08-12 11:54:42,232 - INFO - SharePoint URL: https://3plwinner.sharepoint.com/Shared%20Documents/InventoryHealthDashboard/pull_manifest_report_20250812_115438.csv
2025-08-12 11:54:42,233 - INFO - Successfully uploaded pull_manifest_report.csv to SharePoint
2025-08-12 11:54:42,240 - INFO - ==================================================
2025-08-12 11:54:42,241 - INFO - Pipeline Summary:
2025-08-12 11:54:42,241 - INFO - Successful reports: 6 / 6
2025-08-12 11:54:42,241 - INFO - Completed at: 2025-08-12 11:54:42
2025-08-12 11:54:42,242 - INFO - ==================================================
2025-08-12 11:54:42,242 - INFO - Pipeline Completed Successfully
