2025-08-13 13:40:41,036 - INFO - Logging initialized. Log file: logs\pipeline_20250813_134041.log
2025-08-13 13:40:41,036 - INFO - ==================================================
2025-08-13 13:40:41,037 - INFO - Starting Veracore Data Pipeline
2025-08-13 13:40:41,037 - INFO - Execution time: 2025-08-13 13:40:41
2025-08-13 13:40:41,037 - INFO - ==================================================
2025-08-13 13:40:41,037 - INFO - All required environment variables are set.
2025-08-13 13:40:41,037 - INFO - Attempting to get authorization token from VeraCore API
2025-08-13 13:40:41,038 - INFO - USERNAME: SET
2025-08-13 13:40:41,038 - INFO - PASSWORD: SET
2025-08-13 13:40:41,038 - INFO - SYSTEM_ID: SET
2025-08-13 13:40:41,038 - INFO - W_TOKEN: SET
2025-08-13 13:40:41,038 - INFO - USERNAME value: jannatipour.leena
2025-08-13 13:40:41,038 - INFO - SYSTEM_ID value: 3plwhs
2025-08-13 13:40:41,038 - INFO - Attempting direct token authentication...
2025-08-13 13:40:41,038 - INFO - Testing direct token against: https://wms.3plwinner.com/VeraCore/Public.Api/api/reports
2025-08-13 13:40:41,443 - INFO - Direct token test - Status Code: 200
2025-08-13 13:40:41,443 - INFO - Direct token test - Response Headers: {'Date': 'Wed, 13 Aug 2025 20:40:41 GMT', 'Content-Type': 'application/json; charset=utf-8', 'Transfer-Encoding': 'chunked', 'Connection': 'keep-alive', 'Content-Encoding': 'gzip', 'cache-control': 'no-cache', 'pragma': 'no-cache', 'expires': '-1', 'x-aspnet-version': '4.0.30319', 'x-powered-by': 'ASP.NET', 'x-xss-protection': '1; mode=block', 'set-cookie': 'SRV=s2; path=/', 'cf-cache-status': 'DYNAMIC', 'Server': 'cloudflare', 'CF-RAY': '96eb076c597cce88-SJC'}
2025-08-13 13:40:41,444 - INFO - ✓ Direct token authentication successful!
2025-08-13 13:40:41,445 - INFO - Fetching data from API endpoint: https://wms.3plwinner.com/VeraCore/Public.Api/api/reports
2025-08-13 13:40:41,699 - INFO - Skipping SharePoint upload for available_reports_endpoint.csv
2025-08-13 13:40:41,700 - INFO - Deleted local file: C:\Users\jannatipour.leena\Downloads\InventoryHealthDashboard_DATA-3\output_20250813_134041\available_reports_endpoint.csv
2025-08-13 13:40:41,700 - INFO - Processing report 1/6: unit-details
2025-08-13 13:40:41,700 - INFO - Processing report: unit-details
2025-08-13 13:40:42,180 - INFO - Task started. Task ID: 57190
2025-08-13 13:40:42,478 - INFO - Report status: Created (attempt 1)
2025-08-13 13:41:00,389 - INFO - Report status: Processing (attempt 6)
2025-08-13 13:41:03,682 - INFO - Report Completed
2025-08-13 13:41:07,743 - INFO - Report data saved to unit_details_with_current_balance.csv
2025-08-13 13:41:07,743 - INFO - Starting SharePoint upload process...
2025-08-13 13:41:07,743 - INFO - Local file: C:\Users\jannatipour.leena\Downloads\InventoryHealthDashboard_DATA-3\output_20250813_134041\unit_details_with_current_balance.csv
2025-08-13 13:41:07,743 - INFO - SharePoint filename: unit_details_with_current_balance_20250813_134107.csv
2025-08-13 13:41:07,744 - INFO - SharePoint URL: https://3plwinner.sharepoint.com
2025-08-13 13:41:07,744 - INFO - SharePoint folder: /Shared Documents/InventoryHealthDashboard
2025-08-13 13:41:09,405 - INFO - SharePoint authentication successful
2025-08-13 13:41:09,405 - INFO - Clean folder path: /Shared Documents/InventoryHealthDashboard
2025-08-13 13:41:09,405 - INFO - Archive folder path: /Shared Documents/InventoryHealthDashboard/Archive
2025-08-13 13:41:09,406 - INFO - Starting archiving process...
2025-08-13 13:41:09,406 - INFO - ARCHIVE DEBUG: Starting archive process
2025-08-13 13:41:09,406 - INFO - ARCHIVE DEBUG: Source folder: /Shared Documents/InventoryHealthDashboard
2025-08-13 13:41:09,406 - INFO - ARCHIVE DEBUG: Archive folder: /Shared Documents/InventoryHealthDashboard/Archive
2025-08-13 13:41:10,496 - INFO - ARCHIVE DEBUG: All files found: []
2025-08-13 13:41:10,497 - INFO - ARCHIVE DEBUG: CSV files to archive: []
2025-08-13 13:41:10,497 - INFO - No CSV files to archive in folder: /Shared Documents/InventoryHealthDashboard
2025-08-13 13:41:10,497 - INFO - Archiving completed successfully
2025-08-13 13:41:10,625 - INFO - Uploading file: unit_details_with_current_balance_20250813_134107.csv
2025-08-13 13:41:13,949 - INFO - Successfully uploaded: unit_details_with_current_balance_20250813_134107.csv
2025-08-13 13:41:13,949 - INFO - SharePoint URL: https://3plwinner.sharepoint.com/Shared Documents/InventoryHealthDashboard/unit_details_with_current_balance_20250813_134107.csv
2025-08-13 13:41:13,950 - INFO - Successfully uploaded unit_details_with_current_balance.csv to SharePoint
2025-08-13 13:41:13,969 - INFO - Processing report 2/6: expected-all
2025-08-13 13:41:13,969 - INFO - Processing report: expected-all
2025-08-13 13:41:14,278 - INFO - Task started. Task ID: 57191
2025-08-13 13:41:14,659 - INFO - Report status: Processing (attempt 1)
2025-08-13 13:41:24,497 - INFO - Report Completed
2025-08-13 13:41:25,708 - INFO - Report data saved to expected_arrivals.csv
2025-08-13 13:41:25,708 - INFO - Starting SharePoint upload process...
2025-08-13 13:41:25,708 - INFO - Local file: C:\Users\jannatipour.leena\Downloads\InventoryHealthDashboard_DATA-3\output_20250813_134041\expected_arrivals.csv
2025-08-13 13:41:25,709 - INFO - SharePoint filename: expected_arrivals_20250813_134125.csv
2025-08-13 13:41:25,709 - INFO - SharePoint URL: https://3plwinner.sharepoint.com
2025-08-13 13:41:25,709 - INFO - SharePoint folder: /Shared Documents/InventoryHealthDashboard
2025-08-13 13:41:27,319 - INFO - SharePoint authentication successful
2025-08-13 13:41:27,320 - INFO - Clean folder path: /Shared Documents/InventoryHealthDashboard
2025-08-13 13:41:27,320 - INFO - Archive folder path: /Shared Documents/InventoryHealthDashboard/Archive
2025-08-13 13:41:27,320 - INFO - Starting archiving process...
2025-08-13 13:41:27,320 - INFO - ARCHIVE DEBUG: Starting archive process
2025-08-13 13:41:27,321 - INFO - ARCHIVE DEBUG: Source folder: /Shared Documents/InventoryHealthDashboard
2025-08-13 13:41:27,321 - INFO - ARCHIVE DEBUG: Archive folder: /Shared Documents/InventoryHealthDashboard/Archive
2025-08-13 13:41:27,459 - INFO - ARCHIVE DEBUG: All files found: []
2025-08-13 13:41:27,459 - INFO - ARCHIVE DEBUG: CSV files to archive: []
2025-08-13 13:41:27,459 - INFO - No CSV files to archive in folder: /Shared Documents/InventoryHealthDashboard
2025-08-13 13:41:27,460 - INFO - Archiving completed successfully
2025-08-13 13:41:27,655 - INFO - Uploading file: expected_arrivals_20250813_134125.csv
2025-08-13 13:41:28,662 - INFO - Successfully uploaded: expected_arrivals_20250813_134125.csv
2025-08-13 13:41:28,662 - INFO - SharePoint URL: https://3plwinner.sharepoint.com/Shared Documents/InventoryHealthDashboard/expected_arrivals_20250813_134125.csv
2025-08-13 13:41:28,663 - INFO - Successfully uploaded expected_arrivals.csv to SharePoint
2025-08-13 13:41:28,665 - INFO - Processing report 3/6: Unit Billing
2025-08-13 13:41:28,665 - INFO - Processing report: Unit Billing
2025-08-13 13:41:29,153 - INFO - Task started. Task ID: 57192
2025-08-13 13:41:29,439 - INFO - Report status: Processing (attempt 1)
2025-08-13 13:41:32,728 - INFO - Report Completed
2025-08-13 13:41:33,017 - INFO - Report data saved to unit_billing.csv
2025-08-13 13:41:33,018 - INFO - Starting SharePoint upload process...
2025-08-13 13:41:33,018 - INFO - Local file: C:\Users\jannatipour.leena\Downloads\InventoryHealthDashboard_DATA-3\output_20250813_134041\unit_billing.csv
2025-08-13 13:41:33,018 - INFO - SharePoint filename: unit_billing_20250813_134133.csv
2025-08-13 13:41:33,018 - INFO - SharePoint URL: https://3plwinner.sharepoint.com
2025-08-13 13:41:33,018 - INFO - SharePoint folder: /Shared Documents/InventoryHealthDashboard
2025-08-13 13:41:37,290 - INFO - SharePoint authentication successful
2025-08-13 13:41:37,290 - INFO - Clean folder path: /Shared Documents/InventoryHealthDashboard
2025-08-13 13:41:37,290 - INFO - Archive folder path: /Shared Documents/InventoryHealthDashboard/Archive
2025-08-13 13:41:37,291 - INFO - Starting archiving process...
2025-08-13 13:41:37,291 - INFO - ARCHIVE DEBUG: Starting archive process
2025-08-13 13:41:37,291 - INFO - ARCHIVE DEBUG: Source folder: /Shared Documents/InventoryHealthDashboard
2025-08-13 13:41:37,291 - INFO - ARCHIVE DEBUG: Archive folder: /Shared Documents/InventoryHealthDashboard/Archive
2025-08-13 13:41:37,730 - INFO - ARCHIVE DEBUG: All files found: []
2025-08-13 13:41:37,731 - INFO - ARCHIVE DEBUG: CSV files to archive: []
2025-08-13 13:41:37,731 - INFO - No CSV files to archive in folder: /Shared Documents/InventoryHealthDashboard
2025-08-13 13:41:37,731 - INFO - Archiving completed successfully
2025-08-13 13:41:37,839 - INFO - Uploading file: unit_billing_20250813_134133.csv
2025-08-13 13:41:38,263 - INFO - Successfully uploaded: unit_billing_20250813_134133.csv
2025-08-13 13:41:38,263 - INFO - SharePoint URL: https://3plwinner.sharepoint.com/Shared Documents/InventoryHealthDashboard/unit_billing_20250813_134133.csv
2025-08-13 13:41:38,263 - INFO - Successfully uploaded unit_billing.csv to SharePoint
2025-08-13 13:41:38,264 - INFO - Processing report 4/6: WarehouseLocations
2025-08-13 13:41:38,264 - INFO - Processing report: WarehouseLocations
2025-08-13 13:41:38,657 - INFO - Task started. Task ID: 57193
2025-08-13 13:41:38,930 - INFO - Report status: Created (attempt 1)
2025-08-13 13:41:45,697 - INFO - Report Completed
2025-08-13 13:41:46,923 - INFO - Report data saved to warehouse_locations.csv
2025-08-13 13:41:46,923 - INFO - Starting SharePoint upload process...
2025-08-13 13:41:46,924 - INFO - Local file: C:\Users\jannatipour.leena\Downloads\InventoryHealthDashboard_DATA-3\output_20250813_134041\warehouse_locations.csv
2025-08-13 13:41:46,924 - INFO - SharePoint filename: warehouse_locations_20250813_134146.csv
2025-08-13 13:41:46,924 - INFO - SharePoint URL: https://3plwinner.sharepoint.com
2025-08-13 13:41:46,925 - INFO - SharePoint folder: /Shared Documents/InventoryHealthDashboard
2025-08-13 13:41:48,131 - INFO - SharePoint authentication successful
2025-08-13 13:41:48,131 - INFO - Clean folder path: /Shared Documents/InventoryHealthDashboard
2025-08-13 13:41:48,131 - INFO - Archive folder path: /Shared Documents/InventoryHealthDashboard/Archive
2025-08-13 13:41:48,131 - INFO - Starting archiving process...
2025-08-13 13:41:48,132 - INFO - ARCHIVE DEBUG: Starting archive process
2025-08-13 13:41:48,132 - INFO - ARCHIVE DEBUG: Source folder: /Shared Documents/InventoryHealthDashboard
2025-08-13 13:41:48,132 - INFO - ARCHIVE DEBUG: Archive folder: /Shared Documents/InventoryHealthDashboard/Archive
2025-08-13 13:41:48,271 - INFO - ARCHIVE DEBUG: All files found: []
2025-08-13 13:41:48,271 - INFO - ARCHIVE DEBUG: CSV files to archive: []
2025-08-13 13:41:48,271 - INFO - No CSV files to archive in folder: /Shared Documents/InventoryHealthDashboard
2025-08-13 13:41:48,272 - INFO - Archiving completed successfully
2025-08-13 13:41:48,388 - INFO - Uploading file: warehouse_locations_20250813_134146.csv
2025-08-13 13:41:49,047 - INFO - Successfully uploaded: warehouse_locations_20250813_134146.csv
2025-08-13 13:41:49,047 - INFO - SharePoint URL: https://3plwinner.sharepoint.com/Shared Documents/InventoryHealthDashboard/warehouse_locations_20250813_134146.csv
2025-08-13 13:41:49,048 - INFO - Successfully uploaded warehouse_locations.csv to SharePoint
2025-08-13 13:41:49,051 - INFO - Processing report 5/6: Shipping Report
2025-08-13 13:41:49,051 - INFO - Processing report: Shipping Report
2025-08-13 13:41:49,443 - INFO - Task started. Task ID: 57194
2025-08-13 13:41:49,680 - INFO - Report status: Created (attempt 1)
2025-08-13 13:41:59,398 - INFO - Report Completed
2025-08-13 13:42:00,548 - INFO - Report data saved to shipping_report.csv
2025-08-13 13:42:00,548 - INFO - Starting SharePoint upload process...
2025-08-13 13:42:00,548 - INFO - Local file: C:\Users\jannatipour.leena\Downloads\InventoryHealthDashboard_DATA-3\output_20250813_134041\shipping_report.csv
2025-08-13 13:42:00,548 - INFO - SharePoint filename: shipping_report_20250813_134200.csv
2025-08-13 13:42:00,548 - INFO - SharePoint URL: https://3plwinner.sharepoint.com
2025-08-13 13:42:00,549 - INFO - SharePoint folder: /Shared Documents/InventoryHealthDashboard
2025-08-13 13:42:01,928 - INFO - SharePoint authentication successful
2025-08-13 13:42:01,928 - INFO - Clean folder path: /Shared Documents/InventoryHealthDashboard
2025-08-13 13:42:01,928 - INFO - Archive folder path: /Shared Documents/InventoryHealthDashboard/Archive
2025-08-13 13:42:01,929 - INFO - Starting archiving process...
2025-08-13 13:42:01,929 - INFO - ARCHIVE DEBUG: Starting archive process
2025-08-13 13:42:01,929 - INFO - ARCHIVE DEBUG: Source folder: /Shared Documents/InventoryHealthDashboard
2025-08-13 13:42:01,929 - INFO - ARCHIVE DEBUG: Archive folder: /Shared Documents/InventoryHealthDashboard/Archive
2025-08-13 13:42:02,061 - INFO - ARCHIVE DEBUG: All files found: []
2025-08-13 13:42:02,061 - INFO - ARCHIVE DEBUG: CSV files to archive: []
2025-08-13 13:42:02,062 - INFO - No CSV files to archive in folder: /Shared Documents/InventoryHealthDashboard
2025-08-13 13:42:02,062 - INFO - Archiving completed successfully
2025-08-13 13:42:02,204 - INFO - Uploading file: shipping_report_20250813_134200.csv
2025-08-13 13:42:02,880 - INFO - Successfully uploaded: shipping_report_20250813_134200.csv
2025-08-13 13:42:02,880 - INFO - SharePoint URL: https://3plwinner.sharepoint.com/Shared Documents/InventoryHealthDashboard/shipping_report_20250813_134200.csv
2025-08-13 13:42:02,880 - INFO - Successfully uploaded shipping_report.csv to SharePoint
2025-08-13 13:42:02,883 - INFO - Processing report 6/6: Pull Manifest report
2025-08-13 13:42:02,883 - INFO - Processing report: Pull Manifest report
2025-08-13 13:42:03,374 - INFO - Task started. Task ID: 57195
2025-08-13 13:42:03,648 - INFO - Report status: Processing (attempt 1)
2025-08-13 13:42:10,105 - INFO - Report Completed
2025-08-13 13:42:11,812 - INFO - Report data saved to pull_manifest_report.csv
2025-08-13 13:42:11,812 - INFO - Starting SharePoint upload process...
2025-08-13 13:42:11,812 - INFO - Local file: C:\Users\jannatipour.leena\Downloads\InventoryHealthDashboard_DATA-3\output_20250813_134041\pull_manifest_report.csv
2025-08-13 13:42:11,813 - INFO - SharePoint filename: pull_manifest_report_20250813_134211.csv
2025-08-13 13:42:11,813 - INFO - SharePoint URL: https://3plwinner.sharepoint.com
2025-08-13 13:42:11,813 - INFO - SharePoint folder: /Shared Documents/InventoryHealthDashboard
2025-08-13 13:42:13,082 - INFO - SharePoint authentication successful
2025-08-13 13:42:13,082 - INFO - Clean folder path: /Shared Documents/InventoryHealthDashboard
2025-08-13 13:42:13,083 - INFO - Archive folder path: /Shared Documents/InventoryHealthDashboard/Archive
2025-08-13 13:42:13,083 - INFO - Starting archiving process...
2025-08-13 13:42:13,083 - INFO - ARCHIVE DEBUG: Starting archive process
2025-08-13 13:42:13,083 - INFO - ARCHIVE DEBUG: Source folder: /Shared Documents/InventoryHealthDashboard
2025-08-13 13:42:13,083 - INFO - ARCHIVE DEBUG: Archive folder: /Shared Documents/InventoryHealthDashboard/Archive
2025-08-13 13:42:13,219 - INFO - ARCHIVE DEBUG: All files found: []
2025-08-13 13:42:13,220 - INFO - ARCHIVE DEBUG: CSV files to archive: []
2025-08-13 13:42:13,220 - INFO - No CSV files to archive in folder: /Shared Documents/InventoryHealthDashboard
2025-08-13 13:42:13,220 - INFO - Archiving completed successfully
2025-08-13 13:42:13,345 - INFO - Uploading file: pull_manifest_report_20250813_134211.csv
2025-08-13 13:42:14,556 - INFO - Successfully uploaded: pull_manifest_report_20250813_134211.csv
2025-08-13 13:42:14,556 - INFO - SharePoint URL: https://3plwinner.sharepoint.com/Shared Documents/InventoryHealthDashboard/pull_manifest_report_20250813_134211.csv
2025-08-13 13:42:14,556 - INFO - Successfully uploaded pull_manifest_report.csv to SharePoint
2025-08-13 13:42:14,561 - INFO - ==================================================
2025-08-13 13:42:14,561 - INFO - Pipeline Summary:
2025-08-13 13:42:14,562 - INFO - Successful reports: 6 / 6
2025-08-13 13:42:14,562 - INFO - Completed at: 2025-08-13 13:42:14
2025-08-13 13:42:14,563 - INFO - ==================================================
2025-08-13 13:42:14,563 - INFO - Pipeline Completed Successfully
