2025-08-13 12:59:52,386 - INFO - Logging initialized. Log file: logs\pipeline_20250813_125952.log
2025-08-13 12:59:52,387 - INFO - ==================================================
2025-08-13 12:59:52,387 - INFO - Starting Veracore Data Pipeline
2025-08-13 12:59:52,387 - INFO - Execution time: 2025-08-13 12:59:52
2025-08-13 12:59:52,387 - INFO - ==================================================
2025-08-13 12:59:52,387 - INFO - All required environment variables are set.
2025-08-13 12:59:52,387 - INFO - Attempting to get authorization token from VeraCore API
2025-08-13 12:59:52,387 - INFO - USERNAME: SET
2025-08-13 12:59:52,388 - INFO - PASSWORD: SET
2025-08-13 12:59:52,388 - INFO - SYSTEM_ID: SET
2025-08-13 12:59:52,388 - INFO - W_TOKEN: SET
2025-08-13 12:59:52,388 - INFO - USERNAME value: jannatipour.leena
2025-08-13 12:59:52,388 - INFO - SYSTEM_ID value: 3plwhs
2025-08-13 12:59:52,388 - INFO - Attempting direct token authentication...
2025-08-13 12:59:52,388 - INFO - Testing direct token against: https://wms.3plwinner.com/VeraCore/Public.Api/api/reports
2025-08-13 12:59:52,801 - INFO - Direct token test - Status Code: 200
2025-08-13 12:59:52,802 - INFO - Direct token test - Response Headers: {'Date': 'Wed, 13 Aug 2025 19:59:53 GMT', 'Content-Type': 'application/json; charset=utf-8', 'Transfer-Encoding': 'chunked', 'Connection': 'keep-alive', 'Content-Encoding': 'gzip', 'cache-control': 'no-cache', 'pragma': 'no-cache', 'expires': '-1', 'x-aspnet-version': '4.0.30319', 'x-powered-by': 'ASP.NET', 'x-xss-protection': '1; mode=block', 'set-cookie': 'SRV=s1; path=/', 'cf-cache-status': 'DYNAMIC', 'Server': 'cloudflare', 'CF-RAY': '96eacba40ccbf997-SJC'}
2025-08-13 12:59:52,802 - INFO - ✓ Direct token authentication successful!
2025-08-13 12:59:52,803 - INFO - Fetching data from API endpoint: https://wms.3plwinner.com/VeraCore/Public.Api/api/reports
2025-08-13 12:59:53,192 - INFO - Skipping SharePoint upload for available_reports_endpoint.csv
2025-08-13 12:59:53,193 - INFO - Deleted local file: C:\Users\jannatipour.leena\Downloads\InventoryHealthDashboard_DATA-3\output_20250813_125952\available_reports_endpoint.csv
2025-08-13 12:59:53,193 - INFO - Processing report 1/6: unit-details
2025-08-13 12:59:53,193 - INFO - Processing report: unit-details
2025-08-13 12:59:59,928 - INFO - Task started. Task ID: 57184
2025-08-13 13:00:00,318 - INFO - Report status: Processing (attempt 1)
2025-08-13 13:00:17,358 - INFO - Report status: Processing (attempt 6)
2025-08-13 13:00:34,220 - INFO - Report Completed
2025-08-13 13:00:38,133 - INFO - Report data saved to unit_details_with_current_balance.csv
2025-08-13 13:00:38,134 - INFO - Starting SharePoint upload process...
2025-08-13 13:00:38,134 - INFO - Local file: C:\Users\jannatipour.leena\Downloads\InventoryHealthDashboard_DATA-3\output_20250813_125952\unit_details_with_current_balance.csv
2025-08-13 13:00:38,134 - INFO - SharePoint filename: unit_details_with_current_balance_20250813_130038.csv
2025-08-13 13:00:38,134 - INFO - SharePoint URL: https://3plwinner.sharepoint.com
2025-08-13 13:00:38,134 - INFO - SharePoint folder: /Shared Documents/InventoryHealthDashboard
2025-08-13 13:00:40,103 - INFO - SharePoint authentication successful
2025-08-13 13:00:40,103 - INFO - Clean folder path: /Shared Documents/InventoryHealthDashboard
2025-08-13 13:00:40,104 - INFO - Archive folder path: /Shared Documents/InventoryHealthDashboard/Archive
2025-08-13 13:00:40,104 - INFO - Starting archiving process...
2025-08-13 13:00:40,104 - INFO - ARCHIVE DEBUG: Starting archive process
2025-08-13 13:00:40,104 - INFO - ARCHIVE DEBUG: Source folder: /Shared Documents/InventoryHealthDashboard
2025-08-13 13:00:40,104 - INFO - ARCHIVE DEBUG: Archive folder: /Shared Documents/InventoryHealthDashboard/Archive
2025-08-13 13:00:40,247 - INFO - ARCHIVE DEBUG: All files found: []
2025-08-13 13:00:40,247 - INFO - ARCHIVE DEBUG: CSV files to archive: []
2025-08-13 13:00:40,248 - INFO - No CSV files to archive in folder: /Shared Documents/InventoryHealthDashboard
2025-08-13 13:00:40,248 - INFO - Archiving completed successfully
2025-08-13 13:00:40,405 - INFO - Uploading file: unit_details_with_current_balance_20250813_130038.csv
2025-08-13 13:00:42,370 - INFO - Successfully uploaded: unit_details_with_current_balance_20250813_130038.csv
2025-08-13 13:00:42,370 - INFO - SharePoint URL: https://3plwinner.sharepoint.com/Shared Documents/InventoryHealthDashboard/unit_details_with_current_balance_20250813_130038.csv
2025-08-13 13:00:42,372 - INFO - Successfully uploaded unit_details_with_current_balance.csv to SharePoint
2025-08-13 13:00:42,392 - INFO - Processing report 2/6: expected
2025-08-13 13:00:42,392 - INFO - Processing report: expected
2025-08-13 13:00:42,787 - INFO - Task started. Task ID: 57185
2025-08-13 13:00:43,273 - INFO - Report status: Created (attempt 1)
2025-08-13 13:00:46,591 - INFO - Report Completed
2025-08-13 13:00:46,935 - INFO - Report data saved to expected_arrivals.csv
2025-08-13 13:00:46,936 - INFO - Starting SharePoint upload process...
2025-08-13 13:00:46,936 - INFO - Local file: C:\Users\jannatipour.leena\Downloads\InventoryHealthDashboard_DATA-3\output_20250813_125952\expected_arrivals.csv
2025-08-13 13:00:46,936 - INFO - SharePoint filename: expected_arrivals_20250813_130046.csv
2025-08-13 13:00:46,936 - INFO - SharePoint URL: https://3plwinner.sharepoint.com
2025-08-13 13:00:46,936 - INFO - SharePoint folder: /Shared Documents/InventoryHealthDashboard
2025-08-13 13:00:48,789 - INFO - SharePoint authentication successful
2025-08-13 13:00:48,790 - INFO - Clean folder path: /Shared Documents/InventoryHealthDashboard
2025-08-13 13:00:48,790 - INFO - Archive folder path: /Shared Documents/InventoryHealthDashboard/Archive
2025-08-13 13:00:48,790 - INFO - Starting archiving process...
2025-08-13 13:00:48,790 - INFO - ARCHIVE DEBUG: Starting archive process
2025-08-13 13:00:48,790 - INFO - ARCHIVE DEBUG: Source folder: /Shared Documents/InventoryHealthDashboard
2025-08-13 13:00:48,790 - INFO - ARCHIVE DEBUG: Archive folder: /Shared Documents/InventoryHealthDashboard/Archive
2025-08-13 13:00:48,899 - INFO - ARCHIVE DEBUG: All files found: []
2025-08-13 13:00:48,899 - INFO - ARCHIVE DEBUG: CSV files to archive: []
2025-08-13 13:00:48,900 - INFO - No CSV files to archive in folder: /Shared Documents/InventoryHealthDashboard
2025-08-13 13:00:48,900 - INFO - Archiving completed successfully
2025-08-13 13:00:49,013 - INFO - Uploading file: expected_arrivals_20250813_130046.csv
2025-08-13 13:00:49,462 - INFO - Successfully uploaded: expected_arrivals_20250813_130046.csv
2025-08-13 13:00:49,462 - INFO - SharePoint URL: https://3plwinner.sharepoint.com/Shared Documents/InventoryHealthDashboard/expected_arrivals_20250813_130046.csv
2025-08-13 13:00:49,462 - INFO - Successfully uploaded expected_arrivals.csv to SharePoint
2025-08-13 13:00:49,463 - INFO - Processing report 3/6: Unit Billing
2025-08-13 13:00:49,463 - INFO - Processing report: Unit Billing
2025-08-13 13:00:50,025 - INFO - Task started. Task ID: 57186
2025-08-13 13:00:50,210 - INFO - Report status: Created (attempt 1)
2025-08-13 13:01:00,112 - INFO - Report Completed
2025-08-13 13:01:00,467 - INFO - Report data saved to unit_billing.csv
2025-08-13 13:01:00,468 - INFO - Starting SharePoint upload process...
2025-08-13 13:01:00,468 - INFO - Local file: C:\Users\jannatipour.leena\Downloads\InventoryHealthDashboard_DATA-3\output_20250813_125952\unit_billing.csv
2025-08-13 13:01:00,468 - INFO - SharePoint filename: unit_billing_20250813_130100.csv
2025-08-13 13:01:00,468 - INFO - SharePoint URL: https://3plwinner.sharepoint.com
2025-08-13 13:01:00,468 - INFO - SharePoint folder: /Shared Documents/InventoryHealthDashboard
2025-08-13 13:01:02,160 - INFO - SharePoint authentication successful
2025-08-13 13:01:02,161 - INFO - Clean folder path: /Shared Documents/InventoryHealthDashboard
2025-08-13 13:01:02,161 - INFO - Archive folder path: /Shared Documents/InventoryHealthDashboard/Archive
2025-08-13 13:01:02,161 - INFO - Starting archiving process...
2025-08-13 13:01:02,161 - INFO - ARCHIVE DEBUG: Starting archive process
2025-08-13 13:01:02,161 - INFO - ARCHIVE DEBUG: Source folder: /Shared Documents/InventoryHealthDashboard
2025-08-13 13:01:02,161 - INFO - ARCHIVE DEBUG: Archive folder: /Shared Documents/InventoryHealthDashboard/Archive
2025-08-13 13:01:02,321 - INFO - ARCHIVE DEBUG: All files found: []
2025-08-13 13:01:02,321 - INFO - ARCHIVE DEBUG: CSV files to archive: []
2025-08-13 13:01:02,321 - INFO - No CSV files to archive in folder: /Shared Documents/InventoryHealthDashboard
2025-08-13 13:01:02,321 - INFO - Archiving completed successfully
2025-08-13 13:01:02,441 - INFO - Uploading file: unit_billing_20250813_130100.csv
2025-08-13 13:01:02,898 - INFO - Successfully uploaded: unit_billing_20250813_130100.csv
2025-08-13 13:01:02,898 - INFO - SharePoint URL: https://3plwinner.sharepoint.com/Shared Documents/InventoryHealthDashboard/unit_billing_20250813_130100.csv
2025-08-13 13:01:02,899 - INFO - Successfully uploaded unit_billing.csv to SharePoint
2025-08-13 13:01:02,899 - INFO - Processing report 4/6: WarehouseLocations
2025-08-13 13:01:02,899 - INFO - Processing report: WarehouseLocations
2025-08-13 13:01:03,323 - INFO - Task started. Task ID: 57187
2025-08-13 13:01:03,691 - INFO - Report status: Created (attempt 1)
2025-08-13 13:01:07,001 - INFO - Report Completed
2025-08-13 13:01:08,165 - INFO - Report data saved to warehouse_locations.csv
2025-08-13 13:01:08,166 - INFO - Starting SharePoint upload process...
2025-08-13 13:01:08,166 - INFO - Local file: C:\Users\jannatipour.leena\Downloads\InventoryHealthDashboard_DATA-3\output_20250813_125952\warehouse_locations.csv
2025-08-13 13:01:08,166 - INFO - SharePoint filename: warehouse_locations_20250813_130108.csv
2025-08-13 13:01:08,166 - INFO - SharePoint URL: https://3plwinner.sharepoint.com
2025-08-13 13:01:08,167 - INFO - SharePoint folder: /Shared Documents/InventoryHealthDashboard
2025-08-13 13:01:09,776 - INFO - SharePoint authentication successful
2025-08-13 13:01:09,776 - INFO - Clean folder path: /Shared Documents/InventoryHealthDashboard
2025-08-13 13:01:09,777 - INFO - Archive folder path: /Shared Documents/InventoryHealthDashboard/Archive
2025-08-13 13:01:09,777 - INFO - Starting archiving process...
2025-08-13 13:01:09,777 - INFO - ARCHIVE DEBUG: Starting archive process
2025-08-13 13:01:09,777 - INFO - ARCHIVE DEBUG: Source folder: /Shared Documents/InventoryHealthDashboard
2025-08-13 13:01:09,777 - INFO - ARCHIVE DEBUG: Archive folder: /Shared Documents/InventoryHealthDashboard/Archive
2025-08-13 13:01:09,903 - INFO - ARCHIVE DEBUG: All files found: []
2025-08-13 13:01:09,903 - INFO - ARCHIVE DEBUG: CSV files to archive: []
2025-08-13 13:01:09,903 - INFO - No CSV files to archive in folder: /Shared Documents/InventoryHealthDashboard
2025-08-13 13:01:09,904 - INFO - Archiving completed successfully
2025-08-13 13:01:10,047 - INFO - Uploading file: warehouse_locations_20250813_130108.csv
2025-08-13 13:01:10,667 - INFO - Successfully uploaded: warehouse_locations_20250813_130108.csv
2025-08-13 13:01:10,667 - INFO - SharePoint URL: https://3plwinner.sharepoint.com/Shared Documents/InventoryHealthDashboard/warehouse_locations_20250813_130108.csv
2025-08-13 13:01:10,668 - INFO - Successfully uploaded warehouse_locations.csv to SharePoint
2025-08-13 13:01:10,674 - INFO - Processing report 5/6: Shipping Report
2025-08-13 13:01:10,674 - INFO - Processing report: Shipping Report
2025-08-13 13:01:11,277 - INFO - Task started. Task ID: 57188
2025-08-13 13:01:11,446 - INFO - Report status: Created (attempt 1)
2025-08-13 13:01:21,361 - INFO - Report Completed
2025-08-13 13:01:22,393 - INFO - Report data saved to shipping_report.csv
2025-08-13 13:01:22,394 - INFO - Starting SharePoint upload process...
2025-08-13 13:01:22,394 - INFO - Local file: C:\Users\jannatipour.leena\Downloads\InventoryHealthDashboard_DATA-3\output_20250813_125952\shipping_report.csv
2025-08-13 13:01:22,394 - INFO - SharePoint filename: shipping_report_20250813_130122.csv
2025-08-13 13:01:22,394 - INFO - SharePoint URL: https://3plwinner.sharepoint.com
2025-08-13 13:01:22,394 - INFO - SharePoint folder: /Shared Documents/InventoryHealthDashboard
2025-08-13 13:01:23,931 - INFO - SharePoint authentication successful
2025-08-13 13:01:23,932 - INFO - Clean folder path: /Shared Documents/InventoryHealthDashboard
2025-08-13 13:01:23,932 - INFO - Archive folder path: /Shared Documents/InventoryHealthDashboard/Archive
2025-08-13 13:01:23,932 - INFO - Starting archiving process...
2025-08-13 13:01:23,932 - INFO - ARCHIVE DEBUG: Starting archive process
2025-08-13 13:01:23,932 - INFO - ARCHIVE DEBUG: Source folder: /Shared Documents/InventoryHealthDashboard
2025-08-13 13:01:23,932 - INFO - ARCHIVE DEBUG: Archive folder: /Shared Documents/InventoryHealthDashboard/Archive
2025-08-13 13:01:24,047 - INFO - ARCHIVE DEBUG: All files found: []
2025-08-13 13:01:24,047 - INFO - ARCHIVE DEBUG: CSV files to archive: []
2025-08-13 13:01:24,048 - INFO - No CSV files to archive in folder: /Shared Documents/InventoryHealthDashboard
2025-08-13 13:01:24,048 - INFO - Archiving completed successfully
2025-08-13 13:01:24,173 - INFO - Uploading file: shipping_report_20250813_130122.csv
2025-08-13 13:01:25,090 - INFO - Successfully uploaded: shipping_report_20250813_130122.csv
2025-08-13 13:01:25,090 - INFO - SharePoint URL: https://3plwinner.sharepoint.com/Shared Documents/InventoryHealthDashboard/shipping_report_20250813_130122.csv
2025-08-13 13:01:25,090 - INFO - Successfully uploaded shipping_report.csv to SharePoint
2025-08-13 13:01:25,094 - INFO - Processing report 6/6: Pull Manifest report
2025-08-13 13:01:25,094 - INFO - Processing report: Pull Manifest report
2025-08-13 13:01:25,562 - INFO - Task started. Task ID: 57189
2025-08-13 13:01:25,794 - INFO - Report status: Created (attempt 1)
2025-08-13 13:01:32,409 - INFO - Report Completed
2025-08-13 13:01:34,136 - INFO - Report data saved to pull_manifest_report.csv
2025-08-13 13:01:34,137 - INFO - Starting SharePoint upload process...
2025-08-13 13:01:34,137 - INFO - Local file: C:\Users\jannatipour.leena\Downloads\InventoryHealthDashboard_DATA-3\output_20250813_125952\pull_manifest_report.csv
2025-08-13 13:01:34,137 - INFO - SharePoint filename: pull_manifest_report_20250813_130134.csv
2025-08-13 13:01:34,138 - INFO - SharePoint URL: https://3plwinner.sharepoint.com
2025-08-13 13:01:34,138 - INFO - SharePoint folder: /Shared Documents/InventoryHealthDashboard
2025-08-13 13:01:35,893 - INFO - SharePoint authentication successful
2025-08-13 13:01:35,893 - INFO - Clean folder path: /Shared Documents/InventoryHealthDashboard
2025-08-13 13:01:35,893 - INFO - Archive folder path: /Shared Documents/InventoryHealthDashboard/Archive
2025-08-13 13:01:35,893 - INFO - Starting archiving process...
2025-08-13 13:01:35,893 - INFO - ARCHIVE DEBUG: Starting archive process
2025-08-13 13:01:35,894 - INFO - ARCHIVE DEBUG: Source folder: /Shared Documents/InventoryHealthDashboard
2025-08-13 13:01:35,894 - INFO - ARCHIVE DEBUG: Archive folder: /Shared Documents/InventoryHealthDashboard/Archive
2025-08-13 13:01:36,035 - INFO - ARCHIVE DEBUG: All files found: []
2025-08-13 13:01:36,035 - INFO - ARCHIVE DEBUG: CSV files to archive: []
2025-08-13 13:01:36,035 - INFO - No CSV files to archive in folder: /Shared Documents/InventoryHealthDashboard
2025-08-13 13:01:36,036 - INFO - Archiving completed successfully
2025-08-13 13:01:36,206 - INFO - Uploading file: pull_manifest_report_20250813_130134.csv
2025-08-13 13:01:37,495 - INFO - Successfully uploaded: pull_manifest_report_20250813_130134.csv
2025-08-13 13:01:37,496 - INFO - SharePoint URL: https://3plwinner.sharepoint.com/Shared Documents/InventoryHealthDashboard/pull_manifest_report_20250813_130134.csv
2025-08-13 13:01:37,496 - INFO - Successfully uploaded pull_manifest_report.csv to SharePoint
2025-08-13 13:01:37,501 - INFO - ==================================================
2025-08-13 13:01:37,502 - INFO - Pipeline Summary:
2025-08-13 13:01:37,502 - INFO - Successful reports: 6 / 6
2025-08-13 13:01:37,502 - INFO - Completed at: 2025-08-13 13:01:37
2025-08-13 13:01:37,502 - INFO - ==================================================
2025-08-13 13:01:37,502 - INFO - Pipeline Completed Successfully
