2025-08-12 11:23:18,182 - INFO - Logging initialized. Log file: logs\pipeline_20250812_112318.log
2025-08-12 11:23:18,182 - INFO - ==================================================
2025-08-12 11:23:18,182 - INFO - Starting Veracore Data Pipeline
2025-08-12 11:23:18,182 - INFO - Execution time: 2025-08-12 11:23:18
2025-08-12 11:23:18,183 - INFO - ==================================================
2025-08-12 11:23:18,183 - INFO - All required environment variables are set.
2025-08-12 11:23:18,183 - INFO - Attempting to get authorization token from VeraCore API
2025-08-12 11:23:18,185 - INFO - USERNAME: SET
2025-08-12 11:23:18,185 - INFO - PASSWORD: SET
2025-08-12 11:23:18,186 - INFO - SYSTEM_ID: SET
2025-08-12 11:23:18,186 - INFO - W_TOKEN: SET
2025-08-12 11:23:18,186 - INFO - USERNAME value: jannatipour.leena
2025-08-12 11:23:18,186 - INFO - SYSTEM_ID value: 3plwhs
2025-08-12 11:23:18,186 - INFO - Attempting direct token authentication...
2025-08-12 11:23:18,186 - INFO - Testing direct token against: https://wms.3plwinner.com/VeraCore/Public.Api/api/reports
2025-08-12 11:23:18,552 - INFO - Direct token test - Status Code: 200
2025-08-12 11:23:18,552 - INFO - Direct token test - Response Headers: {'Date': 'Tue, 12 Aug 2025 18:23:18 GMT', 'Content-Type': 'application/json; charset=utf-8', 'Transfer-Encoding': 'chunked', 'Connection': 'keep-alive', 'Content-Encoding': 'gzip', 'cache-control': 'no-cache', 'pragma': 'no-cache', 'expires': '-1', 'x-aspnet-version': '4.0.30319', 'x-powered-by': 'ASP.NET', 'x-xss-protection': '1; mode=block', 'set-cookie': 'SRV=s2; path=/', 'cf-cache-status': 'DYNAMIC', 'Server': 'cloudflare', 'CF-RAY': '96e200cddfa215a2-SJC'}
2025-08-12 11:23:18,557 - INFO - Fetching data from API endpoint: https://wms.3plwinner.com/VeraCore/Public.Api/api/reports
2025-08-12 11:23:18,776 - INFO - Skipping SharePoint upload for available_reports_endpoint.csv
2025-08-12 11:23:18,776 - INFO - Deleted local file: C:\Users\jannatipour.leena\Downloads\InventoryHealthDashboard_DATA-3\output_20250812_112318\available_reports_endpoint.csv
2025-08-12 11:23:18,777 - INFO - Processing report 1/5: Unit Details (by owner) with Current Balance
2025-08-12 11:23:18,777 - INFO - Processing report: Unit Details (by owner) with Current Balance
2025-08-12 11:23:19,283 - INFO - Task started. Task ID: 57141
2025-08-12 11:23:19,506 - INFO - Report status: Created (attempt 1)
2025-08-12 11:23:25,959 - INFO - Report Completed
2025-08-12 11:23:26,902 - INFO - Report data saved to unit_details_with_current_balance.csv
2025-08-12 11:23:28,744 - INFO - No CSV files to archive in folder: /Shared Documents/InventoryHealthDashboard
2025-08-12 11:23:29,828 - INFO - Successfully uploaded: unit_details_with_current_balance_20250812_112326.csv
2025-08-12 11:23:29,828 - INFO - SharePoint URL: https://3plwinner.sharepoint.com/Shared Documents/InventoryHealthDashboard/unit_details_with_current_balance_20250812_112326.csv
2025-08-12 11:23:29,829 - INFO - Successfully uploaded unit_details_with_current_balance.csv to SharePoint
2025-08-12 11:23:29,831 - INFO - Processing report 2/5: expected arrivals
2025-08-12 11:23:29,831 - INFO - Processing report: expected arrivals
2025-08-12 11:23:30,210 - INFO - Task started. Task ID: 57142
2025-08-12 11:23:30,512 - INFO - Report status: Created (attempt 1)
2025-08-12 11:23:33,687 - INFO - Report Completed
2025-08-12 11:23:33,916 - INFO - Report data saved to expected_arrivals.csv
2025-08-12 11:23:36,082 - INFO - No CSV files to archive in folder: /Shared Documents/InventoryHealthDashboard
2025-08-12 11:23:36,670 - INFO - Successfully uploaded: expected_arrivals_20250812_112333.csv
2025-08-12 11:23:36,670 - INFO - SharePoint URL: https://3plwinner.sharepoint.com/Shared Documents/InventoryHealthDashboard/expected_arrivals_20250812_112333.csv
2025-08-12 11:23:36,670 - INFO - Successfully uploaded expected_arrivals.csv to SharePoint
2025-08-12 11:23:36,671 - INFO - Processing report 3/5: WarehouseLocations
2025-08-12 11:23:36,672 - INFO - Processing report: WarehouseLocations
2025-08-12 11:23:36,981 - INFO - Task started. Task ID: 57143
2025-08-12 11:23:37,173 - INFO - Report status: Created (attempt 1)
2025-08-12 11:23:40,487 - INFO - Report Completed
2025-08-12 11:23:41,607 - INFO - Report data saved to warehouse_locations.csv
2025-08-12 11:23:43,692 - INFO - No CSV files to archive in folder: /Shared Documents/InventoryHealthDashboard
2025-08-12 11:23:44,464 - INFO - Successfully uploaded: warehouse_locations_20250812_112341.csv
2025-08-12 11:23:44,465 - INFO - SharePoint URL: https://3plwinner.sharepoint.com/Shared Documents/InventoryHealthDashboard/warehouse_locations_20250812_112341.csv
2025-08-12 11:23:44,465 - INFO - Successfully uploaded warehouse_locations.csv to SharePoint
2025-08-12 11:23:44,469 - INFO - Processing report 4/5: Shipping Report
2025-08-12 11:23:44,469 - INFO - Processing report: Shipping Report
2025-08-12 11:23:44,873 - INFO - Task started. Task ID: 57144
2025-08-12 11:23:45,028 - INFO - Report status: Created (attempt 1)
2025-08-12 11:23:56,418 - INFO - Report Completed
2025-08-12 11:23:57,397 - INFO - Report data saved to shipping_report.csv
2025-08-12 11:23:59,291 - INFO - No CSV files to archive in folder: /Shared Documents/InventoryHealthDashboard
2025-08-12 11:24:00,389 - INFO - Successfully uploaded: shipping_report_20250812_112357.csv
2025-08-12 11:24:00,390 - INFO - SharePoint URL: https://3plwinner.sharepoint.com/Shared Documents/InventoryHealthDashboard/shipping_report_20250812_112357.csv
2025-08-12 11:24:00,390 - INFO - Successfully uploaded shipping_report.csv to SharePoint
2025-08-12 11:24:00,393 - INFO - Processing report 5/5: Pull Manifest report
2025-08-12 11:24:00,393 - INFO - Processing report: Pull Manifest report
2025-08-12 11:24:00,901 - INFO - Task started. Task ID: 57145
2025-08-12 11:24:01,267 - INFO - Report status: Created (attempt 1)
2025-08-12 11:24:14,825 - INFO - Report Completed
2025-08-12 11:24:16,763 - INFO - Report data saved to pull_manifest_report.csv
2025-08-12 11:24:18,595 - INFO - No CSV files to archive in folder: /Shared Documents/InventoryHealthDashboard
2025-08-12 11:24:20,169 - INFO - Successfully uploaded: pull_manifest_report_20250812_112416.csv
2025-08-12 11:24:20,170 - INFO - SharePoint URL: https://3plwinner.sharepoint.com/Shared Documents/InventoryHealthDashboard/pull_manifest_report_20250812_112416.csv
2025-08-12 11:24:20,170 - INFO - Successfully uploaded pull_manifest_report.csv to SharePoint
2025-08-12 11:24:20,175 - INFO - ==================================================
2025-08-12 11:24:20,176 - INFO - Pipeline Summary:
2025-08-12 11:24:20,176 - INFO - Successful reports: 5 / 5
2025-08-12 11:24:20,176 - INFO - Completed at: 2025-08-12 11:24:20
2025-08-12 11:24:20,176 - INFO - ==================================================
2025-08-12 11:24:20,176 - INFO - Pipeline Completed Successfully
