2025-08-12 15:07:11,396 - INFO - Logging initialized. Log file: logs\pipeline_20250812_150711.log
2025-08-12 15:07:11,396 - INFO - ==================================================
2025-08-12 15:07:11,396 - INFO - Starting Veracore Data Pipeline
2025-08-12 15:07:11,397 - INFO - Execution time: 2025-08-12 15:07:11
2025-08-12 15:07:11,397 - INFO - ==================================================
2025-08-12 15:07:11,397 - INFO - All required environment variables are set.
2025-08-12 15:07:11,397 - INFO - Attempting to get authorization token from VeraCore API
2025-08-12 15:07:11,397 - INFO - USERNAME: SET
2025-08-12 15:07:11,397 - INFO - PASSWORD: SET
2025-08-12 15:07:11,397 - INFO - SYSTEM_ID: SET
2025-08-12 15:07:11,398 - INFO - W_TOKEN: SET
2025-08-12 15:07:11,398 - INFO - USERNAME value: jannatipour.leena
2025-08-12 15:07:11,398 - INFO - SYSTEM_ID value: 3plwhs
2025-08-12 15:07:11,398 - INFO - Attempting direct token authentication...
2025-08-12 15:07:11,398 - INFO - Testing direct token against: https://wms.3plwinner.com/VeraCore/Public.Api/api/reports
2025-08-12 15:07:11,862 - INFO - Direct token test - Status Code: 200
2025-08-12 15:07:11,863 - INFO - Direct token test - Response Headers: {'Date': 'Tue, 12 Aug 2025 22:07:12 GMT', 'Content-Type': 'application/json; charset=utf-8', 'Transfer-Encoding': 'chunked', 'Connection': 'keep-alive', 'Content-Encoding': 'gzip', 'cache-control': 'no-cache', 'pragma': 'no-cache', 'expires': '-1', 'x-aspnet-version': '4.0.30319', 'x-powered-by': 'ASP.NET', 'x-xss-protection': '1; mode=block', 'set-cookie': 'SRV=s1; path=/', 'cf-cache-status': 'DYNAMIC', 'Server': 'cloudflare', 'CF-RAY': '96e348c3fe43f9d8-SJC'}
2025-08-12 15:07:11,870 - INFO - Fetching data from API endpoint: https://wms.3plwinner.com/VeraCore/Public.Api/api/reports
2025-08-12 15:07:12,265 - INFO - Skipping SharePoint upload for available_reports_endpoint.csv
2025-08-12 15:07:12,266 - INFO - Deleted local file: C:\Users\jannatipour.leena\Downloads\InventoryHealthDashboard_DATA-3\output_20250812_150711\available_reports_endpoint.csv
2025-08-12 15:07:12,266 - INFO - Processing report 1/6: unit-details
2025-08-12 15:07:12,267 - INFO - Processing report: unit-details
2025-08-12 15:07:12,844 - INFO - Task started. Task ID: 57166
2025-08-12 15:07:13,126 - INFO - Report status: Processing (attempt 1)
2025-08-12 15:07:29,591 - INFO - Report status: Processing (attempt 6)
2025-08-12 15:07:39,562 - INFO - Report Completed
2025-08-12 15:07:43,796 - INFO - Report data saved to unit_details_with_current_balance.csv
2025-08-12 15:07:45,613 - INFO - No CSV files to archive in folder: /Shared%20Documents/InventoryHealthDashboard
2025-08-12 15:07:47,326 - INFO - Successfully uploaded: unit_details_with_current_balance_20250812_150743.csv
2025-08-12 15:07:47,326 - INFO - SharePoint URL: https://3plwinner.sharepoint.com/Shared%20Documents/InventoryHealthDashboard/unit_details_with_current_balance_20250812_150743.csv
2025-08-12 15:07:47,328 - INFO - Successfully uploaded unit_details_with_current_balance.csv to SharePoint
2025-08-12 15:07:47,349 - INFO - Processing report 2/6: expected
2025-08-12 15:07:47,349 - INFO - Processing report: expected
2025-08-12 15:07:47,752 - INFO - Task started. Task ID: 57167
2025-08-12 15:07:48,014 - INFO - Report status: Created (attempt 1)
2025-08-12 15:07:54,487 - INFO - Report Completed
2025-08-12 15:07:54,847 - INFO - Report data saved to expected_arrivals.csv
2025-08-12 15:07:56,604 - INFO - No CSV files to archive in folder: /Shared%20Documents/InventoryHealthDashboard
2025-08-12 15:07:57,179 - INFO - Successfully uploaded: expected_arrivals_20250812_150754.csv
2025-08-12 15:07:57,179 - INFO - SharePoint URL: https://3plwinner.sharepoint.com/Shared%20Documents/InventoryHealthDashboard/expected_arrivals_20250812_150754.csv
2025-08-12 15:07:57,179 - INFO - Successfully uploaded expected_arrivals.csv to SharePoint
2025-08-12 15:07:57,180 - INFO - Processing report 3/6: Unit Billing
2025-08-12 15:07:57,180 - INFO - Processing report: Unit Billing
2025-08-12 15:07:57,578 - INFO - Task started. Task ID: 57168
2025-08-12 15:07:57,894 - INFO - Report status: Created (attempt 1)
2025-08-12 15:08:01,249 - INFO - Report Completed
2025-08-12 15:08:01,544 - INFO - Report data saved to unit_billing.csv
2025-08-12 15:08:03,407 - INFO - No CSV files to archive in folder: /Shared%20Documents/InventoryHealthDashboard
2025-08-12 15:08:04,017 - INFO - Successfully uploaded: unit_billing_20250812_150801.csv
2025-08-12 15:08:04,017 - INFO - SharePoint URL: https://3plwinner.sharepoint.com/Shared%20Documents/InventoryHealthDashboard/unit_billing_20250812_150801.csv
2025-08-12 15:08:04,017 - INFO - Successfully uploaded unit_billing.csv to SharePoint
2025-08-12 15:08:04,018 - INFO - Processing report 4/6: WarehouseLocations
2025-08-12 15:08:04,018 - INFO - Processing report: WarehouseLocations
2025-08-12 15:08:04,384 - INFO - Task started. Task ID: 57169
2025-08-12 15:08:04,584 - INFO - Report status: Created (attempt 1)
2025-08-12 15:08:11,133 - INFO - Report Completed
2025-08-12 15:08:12,611 - INFO - Report data saved to warehouse_locations.csv
2025-08-12 15:08:14,191 - INFO - No CSV files to archive in folder: /Shared%20Documents/InventoryHealthDashboard
2025-08-12 15:08:15,094 - INFO - Successfully uploaded: warehouse_locations_20250812_150812.csv
2025-08-12 15:08:15,094 - INFO - SharePoint URL: https://3plwinner.sharepoint.com/Shared%20Documents/InventoryHealthDashboard/warehouse_locations_20250812_150812.csv
2025-08-12 15:08:15,095 - INFO - Successfully uploaded warehouse_locations.csv to SharePoint
2025-08-12 15:08:15,098 - INFO - Processing report 5/6: Shipping Report
2025-08-12 15:08:15,098 - INFO - Processing report: Shipping Report
2025-08-12 15:08:15,538 - INFO - Task started. Task ID: 57170
2025-08-12 15:08:15,751 - INFO - Report status: Created (attempt 1)
2025-08-12 15:08:25,985 - INFO - Report Completed
2025-08-12 15:08:26,991 - INFO - Report data saved to shipping_report.csv
2025-08-12 15:08:28,692 - INFO - No CSV files to archive in folder: /Shared%20Documents/InventoryHealthDashboard
2025-08-12 15:08:29,782 - INFO - Successfully uploaded: shipping_report_20250812_150826.csv
2025-08-12 15:08:29,782 - INFO - SharePoint URL: https://3plwinner.sharepoint.com/Shared%20Documents/InventoryHealthDashboard/shipping_report_20250812_150826.csv
2025-08-12 15:08:29,782 - INFO - Successfully uploaded shipping_report.csv to SharePoint
2025-08-12 15:08:29,786 - INFO - Processing report 6/6: Pull Manifest report
2025-08-12 15:08:29,786 - INFO - Processing report: Pull Manifest report
2025-08-12 15:08:30,215 - INFO - Task started. Task ID: 57171
2025-08-12 15:08:30,415 - INFO - Report status: Created (attempt 1)
2025-08-12 15:08:36,837 - INFO - Report Completed
2025-08-12 15:08:39,331 - INFO - Report data saved to pull_manifest_report.csv
2025-08-12 15:08:40,954 - INFO - No CSV files to archive in folder: /Shared%20Documents/InventoryHealthDashboard
2025-08-12 15:08:42,022 - INFO - Successfully uploaded: pull_manifest_report_20250812_150839.csv
2025-08-12 15:08:42,023 - INFO - SharePoint URL: https://3plwinner.sharepoint.com/Shared%20Documents/InventoryHealthDashboard/pull_manifest_report_20250812_150839.csv
2025-08-12 15:08:42,023 - INFO - Successfully uploaded pull_manifest_report.csv to SharePoint
2025-08-12 15:08:42,033 - INFO - ==================================================
2025-08-12 15:08:42,033 - INFO - Pipeline Summary:
2025-08-12 15:08:42,034 - INFO - Successful reports: 6 / 6
2025-08-12 15:08:42,034 - INFO - Completed at: 2025-08-12 15:08:42
2025-08-12 15:08:42,034 - INFO - ==================================================
2025-08-12 15:08:42,035 - INFO - Pipeline Completed Successfully
