2025-08-12 14:19:54,012 - INFO - Logging initialized. Log file: logs\pipeline_20250812_141954.log
2025-08-12 14:19:54,012 - INFO - ==================================================
2025-08-12 14:19:54,012 - INFO - Starting Veracore Data Pipeline
2025-08-12 14:19:54,012 - INFO - Execution time: 2025-08-12 14:19:54
2025-08-12 14:19:54,012 - INFO - ==================================================
2025-08-12 14:19:54,012 - INFO - All required environment variables are set.
2025-08-12 14:19:54,012 - INFO - Attempting to get authorization token from VeraCore API
2025-08-12 14:19:54,013 - INFO - USERNAME: SET
2025-08-12 14:19:54,013 - INFO - PASSWORD: SET
2025-08-12 14:19:54,013 - INFO - SYSTEM_ID: SET
2025-08-12 14:19:54,013 - INFO - W_TOKEN: SET
2025-08-12 14:19:54,013 - INFO - USERNAME value: jannatipour.leena
2025-08-12 14:19:54,013 - INFO - SYSTEM_ID value: 3plwhs
2025-08-12 14:19:54,013 - INFO - Attempting direct token authentication...
2025-08-12 14:19:54,013 - INFO - Testing direct token against: https://wms.3plwinner.com/VeraCore/Public.Api/api/reports
2025-08-12 14:19:54,398 - INFO - Direct token test - Status Code: 200
2025-08-12 14:19:54,399 - INFO - Direct token test - Response Headers: {'Date': 'Tue, 12 Aug 2025 21:19:54 GMT', 'Content-Type': 'application/json; charset=utf-8', 'Transfer-Encoding': 'chunked', 'Connection': 'keep-alive', 'Content-Encoding': 'gzip', 'cache-control': 'no-cache', 'pragma': 'no-cache', 'expires': '-1', 'x-aspnet-version': '4.0.30319', 'x-powered-by': 'ASP.NET', 'x-xss-protection': '1; mode=block', 'set-cookie': 'SRV=s2; path=/', 'cf-cache-status': 'DYNAMIC', 'Server': 'cloudflare', 'CF-RAY': '96e3037dde50cfbc-SJC'}
2025-08-12 14:19:54,441 - INFO - Fetching data from API endpoint: https://wms.3plwinner.com/VeraCore/Public.Api/api/reports
2025-08-12 14:19:54,799 - INFO - Skipping SharePoint upload for available_reports_endpoint.csv
2025-08-12 14:19:54,799 - INFO - Deleted local file: C:\Users\jannatipour.leena\Downloads\InventoryHealthDashboard_DATA-3\output_20250812_141954\available_reports_endpoint.csv
2025-08-12 14:19:54,800 - INFO - Processing report 1/6: unit-details
2025-08-12 14:19:54,800 - INFO - Processing report: unit-details
2025-08-12 14:19:55,250 - INFO - Task started. Task ID: 57162
2025-08-12 14:19:55,543 - INFO - Report status: Created (attempt 1)
2025-08-12 14:20:12,120 - INFO - Report status: Request Too Large (attempt 6)
