2025-08-12 11:30:43,042 - INFO - Logging initialized. Log file: logs\pipeline_20250812_113043.log
2025-08-12 11:30:43,042 - INFO - ==================================================
2025-08-12 11:30:43,043 - INFO - Starting Veracore Data Pipeline
2025-08-12 11:30:43,043 - INFO - Execution time: 2025-08-12 11:30:43
2025-08-12 11:30:43,043 - INFO - ==================================================
2025-08-12 11:30:43,043 - INFO - All required environment variables are set.
2025-08-12 11:30:43,043 - INFO - Attempting to get authorization token from VeraCore API
2025-08-12 11:30:43,046 - INFO - USERNAME: SET
2025-08-12 11:30:43,046 - INFO - PASSWORD: SET
2025-08-12 11:30:43,046 - INFO - SYSTEM_ID: SET
2025-08-12 11:30:43,046 - INFO - W_TOKEN: SET
2025-08-12 11:30:43,046 - INFO - USERNAME value: jannatipour.leena
2025-08-12 11:30:43,046 - INFO - SYSTEM_ID value: 3plwhs
2025-08-12 11:30:43,046 - INFO - Attempting direct token authentication...
2025-08-12 11:30:43,046 - INFO - Testing direct token against: https://wms.3plwinner.com/VeraCore/Public.Api/api/reports
2025-08-12 11:30:43,269 - INFO - Direct token test - Status Code: 200
2025-08-12 11:30:43,270 - INFO - Direct token test - Response Headers: {'Date': 'Tue, 12 Aug 2025 18:30:43 GMT', 'Content-Type': 'application/json; charset=utf-8', 'Transfer-Encoding': 'chunked', 'Connection': 'keep-alive', 'Content-Encoding': 'gzip', 'cache-control': 'no-cache', 'pragma': 'no-cache', 'expires': '-1', 'x-aspnet-version': '4.0.30319', 'x-powered-by': 'ASP.NET', 'x-xss-protection': '1; mode=block', 'set-cookie': 'SRV=s1; path=/', 'cf-cache-status': 'DYNAMIC', 'Server': 'cloudflare', 'CF-RAY': '96e20baa3c7beb22-SJC'}
2025-08-12 11:30:43,277 - INFO - Fetching data from API endpoint: https://wms.3plwinner.com/VeraCore/Public.Api/api/reports
2025-08-12 11:30:43,476 - INFO - Skipping SharePoint upload for available_reports_endpoint.csv
2025-08-12 11:30:43,477 - INFO - Deleted local file: C:\Users\jannatipour.leena\Downloads\InventoryHealthDashboard_DATA-3\output_20250812_113043\available_reports_endpoint.csv
2025-08-12 11:30:43,477 - INFO - Processing report 1/5: Unit Details (by owner) with Current Balance
2025-08-12 11:30:43,477 - INFO - Processing report: Unit Details (by owner) with Current Balance
2025-08-12 11:30:44,013 - INFO - Task started. Task ID: 57146
2025-08-12 11:30:44,186 - INFO - Report status: Created (attempt 1)
2025-08-12 11:30:50,746 - INFO - Report Completed
2025-08-12 11:30:51,749 - INFO - Report data saved to unit_details_with_current_balance.csv
2025-08-12 11:30:53,573 - INFO - No CSV files to archive in folder: /Shared%20Documents/InventoryHealthDashboard
2025-08-12 11:30:55,750 - INFO - Successfully uploaded: unit_details_with_current_balance_20250812_113051.csv
2025-08-12 11:30:55,750 - INFO - SharePoint URL: https://3plwinner.sharepoint.com/Shared%20Documents/InventoryHealthDashboard/unit_details_with_current_balance_20250812_113051.csv
2025-08-12 11:30:55,750 - INFO - Successfully uploaded unit_details_with_current_balance.csv to SharePoint
2025-08-12 11:30:55,752 - INFO - Processing report 2/5: expected arrivals
2025-08-12 11:30:55,753 - INFO - Processing report: expected arrivals
2025-08-12 11:30:56,427 - INFO - Task started. Task ID: 57147
2025-08-12 11:30:56,628 - INFO - Report status: Created (attempt 1)
2025-08-12 11:31:00,135 - INFO - Report Completed
2025-08-12 11:31:00,425 - INFO - Report data saved to expected_arrivals.csv
2025-08-12 11:31:02,549 - INFO - No CSV files to archive in folder: /Shared%20Documents/InventoryHealthDashboard
2025-08-12 11:31:03,274 - INFO - Successfully uploaded: expected_arrivals_20250812_113100.csv
2025-08-12 11:31:03,275 - INFO - SharePoint URL: https://3plwinner.sharepoint.com/Shared%20Documents/InventoryHealthDashboard/expected_arrivals_20250812_113100.csv
2025-08-12 11:31:03,275 - INFO - Successfully uploaded expected_arrivals.csv to SharePoint
2025-08-12 11:31:03,275 - INFO - Processing report 3/5: WarehouseLocations
2025-08-12 11:31:03,275 - INFO - Processing report: WarehouseLocations
2025-08-12 11:31:03,669 - INFO - Task started. Task ID: 57148
2025-08-12 11:31:03,989 - INFO - Report status: Created (attempt 1)
2025-08-12 11:31:10,644 - INFO - Report Completed
2025-08-12 11:31:11,830 - INFO - Report data saved to warehouse_locations.csv
2025-08-12 11:31:14,094 - INFO - No CSV files to archive in folder: /Shared%20Documents/InventoryHealthDashboard
2025-08-12 11:31:14,870 - INFO - Successfully uploaded: warehouse_locations_20250812_113111.csv
2025-08-12 11:31:14,870 - INFO - SharePoint URL: https://3plwinner.sharepoint.com/Shared%20Documents/InventoryHealthDashboard/warehouse_locations_20250812_113111.csv
2025-08-12 11:31:14,871 - INFO - Successfully uploaded warehouse_locations.csv to SharePoint
2025-08-12 11:31:14,878 - INFO - Processing report 4/5: Shipping Report
2025-08-12 11:31:14,878 - INFO - Processing report: Shipping Report
2025-08-12 11:31:15,656 - INFO - Task started. Task ID: 57149
2025-08-12 11:31:16,396 - INFO - Report status: Created (attempt 1)
2025-08-12 11:31:29,421 - INFO - Report Completed
2025-08-12 11:31:30,526 - INFO - Report data saved to shipping_report.csv
2025-08-12 11:31:32,948 - INFO - No CSV files to archive in folder: /Shared%20Documents/InventoryHealthDashboard
2025-08-12 11:31:33,909 - INFO - Successfully uploaded: shipping_report_20250812_113130.csv
2025-08-12 11:31:33,909 - INFO - SharePoint URL: https://3plwinner.sharepoint.com/Shared%20Documents/InventoryHealthDashboard/shipping_report_20250812_113130.csv
2025-08-12 11:31:33,910 - INFO - Successfully uploaded shipping_report.csv to SharePoint
2025-08-12 11:31:33,914 - INFO - Processing report 5/5: Pull Manifest report
2025-08-12 11:31:33,914 - INFO - Processing report: Pull Manifest report
2025-08-12 11:31:34,232 - INFO - Task started. Task ID: 57150
2025-08-12 11:31:34,401 - INFO - Report status: Created (attempt 1)
2025-08-12 11:31:44,505 - INFO - Report Completed
2025-08-12 11:31:46,574 - INFO - Report data saved to pull_manifest_report.csv
2025-08-12 11:31:48,517 - INFO - No CSV files to archive in folder: /Shared%20Documents/InventoryHealthDashboard
2025-08-12 11:31:49,800 - INFO - Successfully uploaded: pull_manifest_report_20250812_113146.csv
2025-08-12 11:31:49,800 - INFO - SharePoint URL: https://3plwinner.sharepoint.com/Shared%20Documents/InventoryHealthDashboard/pull_manifest_report_20250812_113146.csv
2025-08-12 11:31:49,801 - INFO - Successfully uploaded pull_manifest_report.csv to SharePoint
2025-08-12 11:31:49,806 - INFO - ==================================================
2025-08-12 11:31:49,807 - INFO - Pipeline Summary:
2025-08-12 11:31:49,807 - INFO - Successful reports: 5 / 5
2025-08-12 11:31:49,807 - INFO - Completed at: 2025-08-12 11:31:49
2025-08-12 11:31:49,807 - INFO - ==================================================
2025-08-12 11:31:49,808 - INFO - Pipeline Completed Successfully
