2025-08-15 16:21:33,195 - INFO - Logging initialized. Log file: logs\pipeline_20250815_162133.log
2025-08-15 16:21:33,195 - INFO - ==================================================
2025-08-15 16:21:33,195 - INFO - Starting Veracore Data Pipeline
2025-08-15 16:21:33,195 - INFO - Execution time: 2025-08-15 16:21:33
2025-08-15 16:21:33,195 - INFO - ==================================================
2025-08-15 16:21:33,196 - INFO - All required environment variables are set.
2025-08-15 16:21:33,196 - INFO - Attempting to get authorization token from VeraCore API
2025-08-15 16:21:33,196 - INFO - USERNAME: SET
2025-08-15 16:21:33,196 - INFO - PASSWORD: SET
2025-08-15 16:21:33,196 - INFO - SYSTEM_ID: SET
2025-08-15 16:21:33,196 - INFO - W_TOKEN: SET
2025-08-15 16:21:33,196 - INFO - USERNAME value: jannatipour.leena
2025-08-15 16:21:33,196 - INFO - SYSTEM_ID value: 3plwhs
2025-08-15 16:21:33,196 - INFO - Attempting direct token authentication...
2025-08-15 16:21:33,196 - INFO - Testing direct token against: https://wms.3plwinner.com/VeraCore/Public.Api/api/reports
2025-08-15 16:21:33,590 - INFO - Direct token test - Status Code: 200
2025-08-15 16:21:33,590 - INFO - Direct token test - Response Headers: {'Date': 'Fri, 15 Aug 2025 23:21:33 GMT', 'Content-Type': 'application/json; charset=utf-8', 'Transfer-Encoding': 'chunked', 'Connection': 'keep-alive', 'Content-Encoding': 'gzip', 'cache-control': 'no-cache', 'pragma': 'no-cache', 'expires': '-1', 'x-aspnet-version': '4.0.30319', 'x-powered-by': 'ASP.NET', 'x-xss-protection': '1; mode=block', 'set-cookie': 'SRV=s2; path=/', 'cf-cache-status': 'DYNAMIC', 'Server': 'cloudflare', 'CF-RAY': '96fc6dd019032385-SJC'}
2025-08-15 16:21:33,591 - INFO - ✓ Direct token authentication successful!
2025-08-15 16:21:33,592 - INFO - Fetching data from API endpoint: https://wms.3plwinner.com/VeraCore/Public.Api/api/reports
2025-08-15 16:21:33,893 - INFO - Skipping SharePoint upload for available_reports_endpoint.csv
2025-08-15 16:21:33,894 - INFO - Deleted local file: C:\Users\jannatipour.leena\InventoryHealthDashboard_DATA\output_20250815_162133\available_reports_endpoint.csv
2025-08-15 16:21:33,894 - INFO - Processing report 1/7: unit-details
2025-08-15 16:21:33,894 - INFO - Processing report: unit-details
2025-08-15 16:21:38,102 - INFO - Task started. Task ID: 57266
2025-08-15 16:21:38,394 - INFO - Report status: Created (attempt 1)
